# JRE version: OpenJDK Runtime Environment (21.0.7+6) (build 21.0.7+6-Ubuntu-0ubuntu124.04)
# Java VM: OpenJDK 64-Bit Server VM (21.0.7+6-Ubuntu-0ubuntu124.04, mixed mode, sharing, tiered, compressed oops, compressed class ptrs, g1 gc, linux-amd64)
GC Precious Log:
 CardTable entry size: 512
 Card Set container configuration: InlinePtr #cards 4 size 8 Array Of Cards #cards 32 size 80 Howl #buckets 8 coarsen threshold 7372 Howl Bitmap #cards 1024 size 144 coarsen threshold 921 Card regions per heap region 1 cards per card region 8192
 CPUs: 4 total, 4 available
 Memory: 19962M
 Large Page Support: Disabled
 NUMA Support: Disabled
 Compressed Oops: Enabled (Zero based)
 Heap Region Size: 4M
 Heap Min Capacity: 8M
 Heap Initial Capacity: 312M
 Heap Max Capacity: 4992M
 Pre-touch: Disabled
 Parallel Workers: 4
 Concurrent Workers: 1
 Concurrent Refinement Workers: 4
 Periodic GC: Disabled
Heap:
 garbage-first heap   total 204800K, used 176961K [0x00000006c8000000, 0x0000000800000000)
  region size 4096K, 30 young (122880K), 2 survivors (8192K)
 Metaspace       used 104661K, committed 105728K, reserved 1179648K
  class space    used 12891K, committed 13440K, reserved 1048576K
GC Heap History (20 events):
Event: 3763.650 GC heap after
{Heap after GC invocations=138 (full 3):
 garbage-first heap   total 413696K, used 212441K [0x00000006c8000000, 0x0000000800000000)
  region size 4096K, 2 young (8192K), 2 survivors (8192K)
 Metaspace       used 102838K, committed 103936K, reserved 1179648K
  class space    used 12703K, committed 13248K, reserved 1048576K
}
Event: 3764.008 GC heap before
{Heap before GC invocations=138 (full 3):
 garbage-first heap   total 413696K, used 368089K [0x00000006c8000000, 0x0000000800000000)
  region size 4096K, 40 young (163840K), 2 survivors (8192K)
 Metaspace       used 102838K, committed 103936K, reserved 1179648K
  class space    used 12703K, committed 13248K, reserved 1048576K
}
Event: 3764.010 GC heap after
{Heap after GC invocations=139 (full 3):
 garbage-first heap   total 413696K, used 210018K [0x00000006c8000000, 0x0000000800000000)
  region size 4096K, 1 young (4096K), 1 survivors (4096K)
 Metaspace       used 102838K, committed 103936K, reserved 1179648K
  class space    used 12703K, committed 13248K, reserved 1048576K
}
Event: 3773.960 GC heap before
{Heap before GC invocations=140 (full 3):
 garbage-first heap   total 413696K, used 373858K [0x00000006c8000000, 0x0000000800000000)
  region size 4096K, 41 young (167936K), 1 survivors (4096K)
 Metaspace       used 102956K, committed 104000K, reserved 1179648K
  class space    used 12711K, committed 13248K, reserved 1048576K
}
Event: 3773.963 GC heap after
{Heap after GC invocations=141 (full 3):
 garbage-first heap   total 499712K, used 72707K [0x00000006c8000000, 0x0000000800000000)
  region size 4096K, 1 young (4096K), 1 survivors (4096K)
 Metaspace       used 102956K, committed 104000K, reserved 1179648K
  class space    used 12711K, committed 13248K, reserved 1048576K
}
Event: 3919.779 GC heap before
{Heap before GC invocations=141 (full 3):
 garbage-first heap   total 499712K, used 224259K [0x00000006c8000000, 0x0000000800000000)
  region size 4096K, 39 young (159744K), 1 survivors (4096K)
 Metaspace       used 103074K, committed 104128K, reserved 1179648K
  class space    used 12712K, committed 13248K, reserved 1048576K
}
Event: 3919.832 GC heap after
{Heap after GC invocations=142 (full 4):
 garbage-first heap   total 204800K, used 50129K [0x00000006c8000000, 0x0000000800000000)
  region size 4096K, 0 young (0K), 0 survivors (0K)
 Metaspace       used 103074K, committed 104128K, reserved 1179648K
  class space    used 12712K, committed 13248K, reserved 1048576K
}
Event: 3922.567 GC heap before
{Heap before GC invocations=142 (full 4):
 garbage-first heap   total 204800K, used 164817K [0x00000006c8000000, 0x0000000800000000)
  region size 4096K, 29 young (118784K), 0 survivors (0K)
 Metaspace       used 104179K, committed 105216K, reserved 1179648K
  class space    used 12834K, committed 13376K, reserved 1048576K
}
Event: 3922.579 GC heap after
{Heap after GC invocations=143 (full 4):
 garbage-first heap   total 204800K, used 57979K [0x00000006c8000000, 0x0000000800000000)
  region size 4096K, 2 young (8192K), 2 survivors (8192K)
 Metaspace       used 104179K, committed 105216K, reserved 1179648K
  class space    used 12834K, committed 13376K, reserved 1048576K
}
Event: 3923.434 GC heap before
{Heap before GC invocations=144 (full 4):
 garbage-first heap   total 204800K, used 168571K [0x00000006c8000000, 0x0000000800000000)
  region size 4096K, 29 young (118784K), 2 survivors (8192K)
 Metaspace       used 104507K, committed 105600K, reserved 1179648K
  class space    used 12887K, committed 13440K, reserved 1048576K
}
Event: 3923.460 GC heap after
{Heap after GC invocations=145 (full 4):
 garbage-first heap   total 204800K, used 61487K [0x00000006c8000000, 0x0000000800000000)
  region size 4096K, 3 young (12288K), 3 survivors (12288K)
 Metaspace       used 104507K, committed 105600K, reserved 1179648K
  class space    used 12887K, committed 13440K, reserved 1048576K
}
Event: 3924.113 GC heap before
{Heap before GC invocations=145 (full 4):
 garbage-first heap   total 204800K, used 167983K [0x00000006c8000000, 0x0000000800000000)
  region size 4096K, 29 young (118784K), 3 survivors (12288K)
 Metaspace       used 104507K, committed 105600K, reserved 1179648K
  class space    used 12887K, committed 13440K, reserved 1048576K
}
Event: 3924.124 GC heap after
{Heap after GC invocations=146 (full 4):
 garbage-first heap   total 204800K, used 62498K [0x00000006c8000000, 0x0000000800000000)
  region size 4096K, 2 young (8192K), 2 survivors (8192K)
 Metaspace       used 104507K, committed 105600K, reserved 1179648K
  class space    used 12887K, committed 13440K, reserved 1048576K
}
Event: 3924.630 GC heap before
{Heap before GC invocations=146 (full 4):
 garbage-first heap   total 204800K, used 173090K [0x00000006c8000000, 0x0000000800000000)
  region size 4096K, 29 young (118784K), 2 survivors (8192K)
 Metaspace       used 104507K, committed 105600K, reserved 1179648K
  class space    used 12887K, committed 13440K, reserved 1048576K
}
Event: 3924.636 GC heap after
{Heap after GC invocations=147 (full 4):
 garbage-first heap   total 204800K, used 63634K [0x00000006c8000000, 0x0000000800000000)
  region size 4096K, 2 young (8192K), 2 survivors (8192K)
 Metaspace       used 104507K, committed 105600K, reserved 1179648K
  class space    used 12887K, committed 13440K, reserved 1048576K
}
Event: 3925.373 GC heap before
{Heap before GC invocations=148 (full 4):
 garbage-first heap   total 204800K, used 174226K [0x00000006c8000000, 0x0000000800000000)
  region size 4096K, 29 young (118784K), 2 survivors (8192K)
 Metaspace       used 104513K, committed 105600K, reserved 1179648K
  class space    used 12887K, committed 13440K, reserved 1048576K
}
Event: 3925.379 GC heap after
{Heap after GC invocations=149 (full 4):
 garbage-first heap   total 204800K, used 63590K [0x00000006c8000000, 0x0000000800000000)
  region size 4096K, 2 young (8192K), 2 survivors (8192K)
 Metaspace       used 104513K, committed 105600K, reserved 1179648K
  class space    used 12887K, committed 13440K, reserved 1048576K
}
Event: 3926.023 GC heap before
{Heap before GC invocations=149 (full 4):
 garbage-first heap   total 204800K, used 174182K [0x00000006c8000000, 0x0000000800000000)
  region size 4096K, 29 young (118784K), 2 survivors (8192K)
 Metaspace       used 104520K, committed 105600K, reserved 1179648K
  class space    used 12887K, committed 13440K, reserved 1048576K
}
Event: 3926.028 GC heap after
{Heap after GC invocations=150 (full 4):
 garbage-first heap   total 204800K, used 62273K [0x00000006c8000000, 0x0000000800000000)
  region size 4096K, 2 young (8192K), 2 survivors (8192K)
 Metaspace       used 104520K, committed 105600K, reserved 1179648K
  class space    used 12887K, committed 13440K, reserved 1048576K
}
Event: 3943.298 GC heap before
{Heap before GC invocations=150 (full 4):
 garbage-first heap   total 204800K, used 176961K [0x00000006c8000000, 0x0000000800000000)
  region size 4096K, 30 young (122880K), 2 survivors (8192K)
 Metaspace       used 104661K, committed 105728K, reserved 1179648K
  class space    used 12891K, committed 13440K, reserved 1048576K
}

