# JRE version: OpenJDK Runtime Environment (21.0.6+7) (build 21.0.6+7-Ubuntu-124.04.1)
# Java VM: OpenJDK 64-Bit Server VM (21.0.6+7-Ubuntu-124.04.1, mixed mode, sharing, tiered, compressed oops, compressed class ptrs, g1 gc, linux-amd64)
GC Precious Log:
 CardTable entry size: 512
 Card Set container configuration: InlinePtr #cards 4 size 8 Array Of Cards #cards 32 size 80 Howl #buckets 8 coarsen threshold 7372 Howl Bitmap #cards 1024 size 144 coarsen threshold 921 Card regions per heap region 1 cards per card region 8192
 CPUs: 4 total, 4 available
 Memory: 19962M
 Large Page Support: Disabled
 NUMA Support: Disabled
 Compressed Oops: Enabled (Zero based)
 Heap Region Size: 4M
 Heap Min Capacity: 8M
 Heap Initial Capacity: 312M
 Heap Max Capacity: 4992M
 Pre-touch: Disabled
 Parallel Workers: 4
 Concurrent Workers: 1
 Concurrent Refinement Workers: 4
 Periodic GC: Disabled
Heap:
 garbage-first heap   total 552960K, used 505005K [0x00000006c8000000, 0x0000000800000000)
  region size 4096K, 72 young (294912K), 1 survivors (4096K)
 Metaspace       used 110532K, committed 111744K, reserved 1179648K
  class space    used 13574K, committed 14144K, reserved 1048576K
GC Heap History (20 events):
Event: 2035.611 GC heap before
{Heap before GC invocations=208 (full 7):
 garbage-first heap   total 221184K, used 185206K [0x00000006c8000000, 0x0000000800000000)
  region size 4096K, 31 young (126976K), 2 survivors (8192K)
 Metaspace       used 109457K, committed 110656K, reserved 1179648K
  class space    used 13465K, committed 14080K, reserved 1048576K
}
Event: 2035.616 GC heap after
{Heap after GC invocations=209 (full 7):
 garbage-first heap   total 266240K, used 72693K [0x00000006c8000000, 0x0000000800000000)
  region size 4096K, 2 young (8192K), 2 survivors (8192K)
 Metaspace       used 109457K, committed 110656K, reserved 1179648K
  class space    used 13465K, committed 14080K, reserved 1048576K
}
Event: 2089.204 GC heap before
{Heap before GC invocations=209 (full 7):
 garbage-first heap   total 266240K, used 224245K [0x00000006c8000000, 0x0000000800000000)
  region size 4096K, 39 young (159744K), 2 survivors (8192K)
 Metaspace       used 109835K, committed 111040K, reserved 1179648K
  class space    used 13500K, committed 14080K, reserved 1048576K
}
Event: 2089.213 GC heap after
{Heap after GC invocations=210 (full 7):
 garbage-first heap   total 266240K, used 76341K [0x00000006c8000000, 0x0000000800000000)
  region size 4096K, 3 young (12288K), 3 survivors (12288K)
 Metaspace       used 109835K, committed 111040K, reserved 1179648K
  class space    used 13500K, committed 14080K, reserved 1048576K
}
Event: 2089.924 GC heap before
{Heap before GC invocations=211 (full 7):
 garbage-first heap   total 266240K, used 231989K [0x00000006c8000000, 0x0000000800000000)
  region size 4096K, 39 young (159744K), 3 survivors (12288K)
 Metaspace       used 109851K, committed 111040K, reserved 1179648K
  class space    used 13500K, committed 14080K, reserved 1048576K
}
Event: 2089.961 GC heap after
{Heap after GC invocations=212 (full 7):
 garbage-first heap   total 290816K, used 122141K [0x00000006c8000000, 0x0000000800000000)
  region size 4096K, 5 young (20480K), 5 survivors (20480K)
 Metaspace       used 109851K, committed 111040K, reserved 1179648K
  class space    used 13500K, committed 14080K, reserved 1048576K
}
Event: 2090.322 GC heap before
{Heap before GC invocations=212 (full 7):
 garbage-first heap   total 290816K, used 236829K [0x00000006c8000000, 0x0000000800000000)
  region size 4096K, 33 young (135168K), 5 survivors (20480K)
 Metaspace       used 109863K, committed 111104K, reserved 1179648K
  class space    used 13500K, committed 14080K, reserved 1048576K
}
Event: 2090.332 GC heap after
{Heap after GC invocations=213 (full 7):
 garbage-first heap   total 290816K, used 107507K [0x00000006c8000000, 0x0000000800000000)
  region size 4096K, 1 young (4096K), 1 survivors (4096K)
 Metaspace       used 109863K, committed 111104K, reserved 1179648K
  class space    used 13500K, committed 14080K, reserved 1048576K
}
Event: 2090.697 GC heap before
{Heap before GC invocations=213 (full 7):
 garbage-first heap   total 290816K, used 246771K [0x00000006c8000000, 0x0000000800000000)
  region size 4096K, 35 young (143360K), 1 survivors (4096K)
 Metaspace       used 109885K, committed 111104K, reserved 1179648K
  class space    used 13500K, committed 14080K, reserved 1048576K
}
Event: 2090.705 GC heap after
{Heap after GC invocations=214 (full 7):
 garbage-first heap   total 290816K, used 108623K [0x00000006c8000000, 0x0000000800000000)
  region size 4096K, 2 young (8192K), 2 survivors (8192K)
 Metaspace       used 109885K, committed 111104K, reserved 1179648K
  class space    used 13500K, committed 14080K, reserved 1048576K
}
Event: 2091.060 GC heap before
{Heap before GC invocations=215 (full 7):
 garbage-first heap   total 290816K, used 239695K [0x00000006c8000000, 0x0000000800000000)
  region size 4096K, 36 young (147456K), 2 survivors (8192K)
 Metaspace       used 109875K, committed 111104K, reserved 1179648K
  class space    used 13498K, committed 14080K, reserved 1048576K
}
Event: 2091.066 GC heap after
{Heap after GC invocations=216 (full 7):
 garbage-first heap   total 290816K, used 100157K [0x00000006c8000000, 0x0000000800000000)
  region size 4096K, 2 young (8192K), 2 survivors (8192K)
 Metaspace       used 109875K, committed 111104K, reserved 1179648K
  class space    used 13498K, committed 14080K, reserved 1048576K
}
Event: 2091.964 GC heap before
{Heap before GC invocations=216 (full 7):
 garbage-first heap   total 552960K, used 526141K [0x00000006c8000000, 0x0000000800000000)
  region size 4096K, 39 young (159744K), 2 survivors (8192K)
 Metaspace       used 109875K, committed 111104K, reserved 1179648K
  class space    used 13498K, committed 14080K, reserved 1048576K
}
Event: 2091.970 GC heap after
{Heap after GC invocations=217 (full 7):
 garbage-first heap   total 552960K, used 221413K [0x00000006c8000000, 0x0000000800000000)
  region size 4096K, 1 young (4096K), 1 survivors (4096K)
 Metaspace       used 109875K, committed 111104K, reserved 1179648K
  class space    used 13498K, committed 14080K, reserved 1048576K
}
Event: 2092.669 GC heap before
{Heap before GC invocations=217 (full 7):
 garbage-first heap   total 552960K, used 508133K [0x00000006c8000000, 0x0000000800000000)
  region size 4096K, 71 young (290816K), 1 survivors (4096K)
 Metaspace       used 109875K, committed 111104K, reserved 1179648K
  class space    used 13498K, committed 14080K, reserved 1048576K
}
Event: 2092.677 GC heap after
{Heap after GC invocations=218 (full 7):
 garbage-first heap   total 552960K, used 229576K [0x00000006c8000000, 0x0000000800000000)
  region size 4096K, 3 young (12288K), 3 survivors (12288K)
 Metaspace       used 109875K, committed 111104K, reserved 1179648K
  class space    used 13498K, committed 14080K, reserved 1048576K
}
Event: 2093.172 GC heap before
{Heap before GC invocations=219 (full 7):
 garbage-first heap   total 552960K, used 499912K [0x00000006c8000000, 0x0000000800000000)
  region size 4096K, 69 young (282624K), 3 survivors (12288K)
 Metaspace       used 109875K, committed 111104K, reserved 1179648K
  class space    used 13498K, committed 14080K, reserved 1048576K
}
Event: 2093.175 GC heap after
{Heap after GC invocations=220 (full 7):
 garbage-first heap   total 552960K, used 222995K [0x00000006c8000000, 0x0000000800000000)
  region size 4096K, 1 young (4096K), 1 survivors (4096K)
 Metaspace       used 109875K, committed 111104K, reserved 1179648K
  class space    used 13498K, committed 14080K, reserved 1048576K
}
Event: 2093.793 GC heap before
{Heap before GC invocations=220 (full 7):
 garbage-first heap   total 552960K, used 509715K [0x00000006c8000000, 0x0000000800000000)
  region size 4096K, 71 young (290816K), 1 survivors (4096K)
 Metaspace       used 109875K, committed 111104K, reserved 1179648K
  class space    used 13498K, committed 14080K, reserved 1048576K
}
Event: 2093.795 GC heap after
{Heap after GC invocations=221 (full 7):
 garbage-first heap   total 552960K, used 218285K [0x00000006c8000000, 0x0000000800000000)
  region size 4096K, 1 young (4096K), 1 survivors (4096K)
 Metaspace       used 109875K, committed 111104K, reserved 1179648K
  class space    used 13498K, committed 14080K, reserved 1048576K
}

