# JRE version: OpenJDK Runtime Environment (21.0.7+6) (build 21.0.7+6-Ubuntu-0ubuntu124.04)
# Java VM: OpenJDK 64-Bit Server VM (21.0.7+6-Ubuntu-0ubuntu124.04, mixed mode, sharing, tiered, compressed oops, compressed class ptrs, g1 gc, linux-amd64)
GC Precious Log:
 CardTable entry size: 512
 Card Set container configuration: InlinePtr #cards 4 size 8 Array Of Cards #cards 32 size 80 Howl #buckets 8 coarsen threshold 7372 Howl Bitmap #cards 1024 size 144 coarsen threshold 921 Card regions per heap region 1 cards per card region 8192
 CPUs: 4 total, 4 available
 Memory: 19962M
 Large Page Support: Disabled
 NUMA Support: Disabled
 Compressed Oops: Enabled (Zero based)
 Heap Region Size: 4M
 Heap Min Capacity: 8M
 Heap Initial Capacity: 312M
 Heap Max Capacity: 4992M
 Pre-touch: Disabled
 Parallel Workers: 4
 Concurrent Workers: 1
 Concurrent Refinement Workers: 4
 Periodic GC: Disabled
Heap:
 garbage-first heap   total 245760K, used 208266K [0x00000006c8000000, 0x0000000800000000)
  region size 4096K, 36 young (147456K), 2 survivors (8192K)
 Metaspace       used 112168K, committed 113344K, reserved 1179648K
  class space    used 13634K, committed 14208K, reserved 1048576K
GC Heap History (20 events):
Event: 3164.883 GC heap after
{Heap after GC invocations=207 (full 6):
 garbage-first heap   total 565248K, used 221861K [0x00000006c8000000, 0x0000000800000000)
  region size 4096K, 1 young (4096K), 1 survivors (4096K)
 Metaspace       used 110535K, committed 111680K, reserved 1179648K
  class space    used 13449K, committed 14016K, reserved 1048576K
}
Event: 3165.350 GC heap before
{Heap before GC invocations=208 (full 6):
 garbage-first heap   total 565248K, used 508581K [0x00000006c8000000, 0x0000000800000000)
  region size 4096K, 71 young (290816K), 1 survivors (4096K)
 Metaspace       used 110535K, committed 111680K, reserved 1179648K
  class space    used 13449K, committed 14016K, reserved 1048576K
}
Event: 3165.359 GC heap after
{Heap after GC invocations=209 (full 6):
 garbage-first heap   total 565248K, used 240384K [0x00000006c8000000, 0x0000000800000000)
  region size 4096K, 6 young (24576K), 6 survivors (24576K)
 Metaspace       used 110535K, committed 111680K, reserved 1179648K
  class space    used 13449K, committed 14016K, reserved 1048576K
}
Event: 3165.822 GC heap before
{Heap before GC invocations=209 (full 6):
 garbage-first heap   total 565248K, used 502528K [0x00000006c8000000, 0x0000000800000000)
  region size 4096K, 70 young (286720K), 6 survivors (24576K)
 Metaspace       used 110535K, committed 111680K, reserved 1179648K
  class space    used 13449K, committed 14016K, reserved 1048576K
}
Event: 3165.826 GC heap after
{Heap after GC invocations=210 (full 6):
 garbage-first heap   total 565248K, used 216275K [0x00000006c8000000, 0x0000000800000000)
  region size 4096K, 1 young (4096K), 1 survivors (4096K)
 Metaspace       used 110535K, committed 111680K, reserved 1179648K
  class space    used 13449K, committed 14016K, reserved 1048576K
}
Event: 3531.082 GC heap before
{Heap before GC invocations=210 (full 6):
 garbage-first heap   total 565248K, used 502995K [0x00000006c8000000, 0x0000000800000000)
  region size 4096K, 72 young (294912K), 1 survivors (4096K)
 Metaspace       used 110606K, committed 111744K, reserved 1179648K
  class space    used 13456K, committed 14016K, reserved 1048576K
}
Event: 3531.087 GC heap after
{Heap after GC invocations=211 (full 6):
 garbage-first heap   total 565248K, used 82356K [0x00000006c8000000, 0x0000000800000000)
  region size 4096K, 1 young (4096K), 1 survivors (4096K)
 Metaspace       used 110606K, committed 111744K, reserved 1179648K
  class space    used 13456K, committed 14016K, reserved 1048576K
}
Event: 3721.100 GC heap before
{Heap before GC invocations=212 (full 6):
 garbage-first heap   total 303104K, used 135604K [0x00000006c8000000, 0x0000000800000000)
  region size 4096K, 15 young (61440K), 1 survivors (4096K)
 Metaspace       used 110619K, committed 111808K, reserved 1179648K
  class space    used 13456K, committed 14016K, reserved 1048576K
}
Event: 3721.172 GC heap after
{Heap after GC invocations=213 (full 7):
 garbage-first heap   total 221184K, used 56954K [0x00000006c8000000, 0x0000000800000000)
  region size 4096K, 0 young (0K), 0 survivors (0K)
 Metaspace       used 110619K, committed 111808K, reserved 1179648K
  class space    used 13456K, committed 14016K, reserved 1048576K
}
Event: 3723.973 GC heap before
{Heap before GC invocations=213 (full 7):
 garbage-first heap   total 221184K, used 183930K [0x00000006c8000000, 0x0000000800000000)
  region size 4096K, 32 young (131072K), 0 survivors (0K)
 Metaspace       used 111727K, committed 112896K, reserved 1179648K
  class space    used 13577K, committed 14144K, reserved 1048576K
}
Event: 3723.984 GC heap after
{Heap after GC invocations=214 (full 7):
 garbage-first heap   total 221184K, used 65055K [0x00000006c8000000, 0x0000000800000000)
  region size 4096K, 2 young (8192K), 2 survivors (8192K)
 Metaspace       used 111727K, committed 112896K, reserved 1179648K
  class space    used 13577K, committed 14144K, reserved 1048576K
}
Event: 3724.924 GC heap before
{Heap before GC invocations=215 (full 7):
 garbage-first heap   total 221184K, used 187935K [0x00000006c8000000, 0x0000000800000000)
  region size 4096K, 32 young (131072K), 2 survivors (8192K)
 Metaspace       used 112049K, committed 113216K, reserved 1179648K
  class space    used 13630K, committed 14208K, reserved 1048576K
}
Event: 3724.936 GC heap after
{Heap after GC invocations=216 (full 7):
 garbage-first heap   total 221184K, used 68067K [0x00000006c8000000, 0x0000000800000000)
  region size 4096K, 3 young (12288K), 3 survivors (12288K)
 Metaspace       used 112049K, committed 113216K, reserved 1179648K
  class space    used 13630K, committed 14208K, reserved 1048576K
}
Event: 3725.496 GC heap before
{Heap before GC invocations=216 (full 7):
 garbage-first heap   total 221184K, used 182755K [0x00000006c8000000, 0x0000000800000000)
  region size 4096K, 31 young (126976K), 3 survivors (12288K)
 Metaspace       used 112049K, committed 113216K, reserved 1179648K
  class space    used 13630K, committed 14208K, reserved 1048576K
}
Event: 3725.507 GC heap after
{Heap after GC invocations=217 (full 7):
 garbage-first heap   total 221184K, used 69382K [0x00000006c8000000, 0x0000000800000000)
  region size 4096K, 2 young (8192K), 2 survivors (8192K)
 Metaspace       used 112049K, committed 113216K, reserved 1179648K
  class space    used 13630K, committed 14208K, reserved 1048576K
}
Event: 3725.983 GC heap before
{Heap before GC invocations=217 (full 7):
 garbage-first heap   total 221184K, used 188166K [0x00000006c8000000, 0x0000000800000000)
  region size 4096K, 31 young (126976K), 2 survivors (8192K)
 Metaspace       used 112049K, committed 113216K, reserved 1179648K
  class space    used 13630K, committed 14208K, reserved 1048576K
}
Event: 3725.986 GC heap after
{Heap after GC invocations=218 (full 7):
 garbage-first heap   total 266240K, used 67951K [0x00000006c8000000, 0x0000000800000000)
  region size 4096K, 1 young (4096K), 1 survivors (4096K)
 Metaspace       used 112049K, committed 113216K, reserved 1179648K
  class space    used 13630K, committed 14208K, reserved 1048576K
}
Event: 3726.757 GC heap before
{Heap before GC invocations=219 (full 7):
 garbage-first heap   total 245760K, used 211311K [0x00000006c8000000, 0x0000000800000000)
  region size 4096K, 36 young (147456K), 1 survivors (4096K)
 Metaspace       used 112054K, committed 113216K, reserved 1179648K
  class space    used 13630K, committed 14208K, reserved 1048576K
}
Event: 3726.761 GC heap after
{Heap after GC invocations=220 (full 7):
 garbage-first heap   total 245760K, used 69002K [0x00000006c8000000, 0x0000000800000000)
  region size 4096K, 2 young (8192K), 2 survivors (8192K)
 Metaspace       used 112054K, committed 113216K, reserved 1179648K
  class space    used 13630K, committed 14208K, reserved 1048576K
}
Event: 3744.353 GC heap before
{Heap before GC invocations=220 (full 7):
 garbage-first heap   total 245760K, used 208266K [0x00000006c8000000, 0x0000000800000000)
  region size 4096K, 36 young (147456K), 2 survivors (8192K)
 Metaspace       used 112168K, committed 113344K, reserved 1179648K
  class space    used 13634K, committed 14208K, reserved 1048576K
}

