# JRE version: OpenJDK Runtime Environment (21.0.7+6) (build 21.0.7+6-Ubuntu-0ubuntu124.04)
# Java VM: OpenJDK 64-Bit Server VM (21.0.7+6-Ubuntu-0ubuntu124.04, mixed mode, sharing, tiered, compressed oops, compressed class ptrs, g1 gc, linux-amd64)
GC Precious Log:
 CardTable entry size: 512
 Card Set container configuration: InlinePtr #cards 4 size 8 Array Of Cards #cards 32 size 80 Howl #buckets 8 coarsen threshold 7372 Howl Bitmap #cards 1024 size 144 coarsen threshold 921 Card regions per heap region 1 cards per card region 8192
 CPUs: 4 total, 4 available
 Memory: 19962M
 Large Page Support: Disabled
 NUMA Support: Disabled
 Compressed Oops: Enabled (Zero based)
 Heap Region Size: 4M
 Heap Min Capacity: 8M
 Heap Initial Capacity: 312M
 Heap Max Capacity: 4992M
 Pre-touch: Disabled
 Parallel Workers: 4
 Concurrent Workers: 1
 Concurrent Refinement Workers: 4
 Periodic GC: Disabled
Heap:
 garbage-first heap   total 655360K, used 352833K [0x00000006c8000000, 0x0000000800000000)
  region size 4096K, 71 young (290816K), 3 survivors (12288K)
 Metaspace       used 141550K, committed 142976K, reserved 1179648K
  class space    used 16619K, committed 17408K, reserved 1048576K
GC Heap History (20 events):
Event: 4955.495 GC heap before
{Heap before GC invocations=502 (full 20):
 garbage-first heap   total 303104K, used 252651K [0x00000006c8000000, 0x0000000800000000)
  region size 4096K, 44 young (180224K), 2 survivors (8192K)
 Metaspace       used 140443K, committed 141888K, reserved 1179648K
  class space    used 16555K, committed 17344K, reserved 1048576K
}
Event: 4955.500 GC heap after
{Heap after GC invocations=503 (full 20):
 garbage-first heap   total 303104K, used 79613K [0x00000006c8000000, 0x0000000800000000)
  region size 4096K, 2 young (8192K), 2 survivors (8192K)
 Metaspace       used 140443K, committed 141888K, reserved 1179648K
  class space    used 16555K, committed 17344K, reserved 1048576K
}
Event: 5000.092 GC heap before
{Heap before GC invocations=503 (full 20):
 garbage-first heap   total 303104K, used 251645K [0x00000006c8000000, 0x0000000800000000)
  region size 4096K, 44 young (180224K), 2 survivors (8192K)
 Metaspace       used 141181K, committed 142592K, reserved 1179648K
  class space    used 16614K, committed 17408K, reserved 1048576K
}
Event: 5000.104 GC heap after
{Heap after GC invocations=504 (full 20):
 garbage-first heap   total 303104K, used 83685K [0x00000006c8000000, 0x0000000800000000)
  region size 4096K, 3 young (12288K), 3 survivors (12288K)
 Metaspace       used 141181K, committed 142592K, reserved 1179648K
  class space    used 16614K, committed 17408K, reserved 1048576K
}
Event: 5000.248 GC heap before
{Heap before GC invocations=504 (full 20):
 garbage-first heap   total 303104K, used 112357K [0x00000006c8000000, 0x0000000800000000)
  region size 4096K, 11 young (45056K), 3 survivors (12288K)
 Metaspace       used 141181K, committed 142592K, reserved 1179648K
  class space    used 16614K, committed 17408K, reserved 1048576K
}
Event: 5000.257 GC heap after
{Heap after GC invocations=505 (full 20):
 garbage-first heap   total 303104K, used 84676K [0x00000006c8000000, 0x0000000800000000)
  region size 4096K, 3 young (12288K), 3 survivors (12288K)
 Metaspace       used 141181K, committed 142592K, reserved 1179648K
  class space    used 16614K, committed 17408K, reserved 1048576K
}
Event: 5000.961 GC heap before
{Heap before GC invocations=506 (full 20):
 garbage-first heap   total 303104K, used 264900K [0x00000006c8000000, 0x0000000800000000)
  region size 4096K, 44 young (180224K), 3 survivors (12288K)
 Metaspace       used 141181K, committed 142592K, reserved 1179648K
  class space    used 16614K, committed 17408K, reserved 1048576K
}
Event: 5000.983 GC heap after
{Heap after GC invocations=507 (full 20):
 garbage-first heap   total 303104K, used 91870K [0x00000006c8000000, 0x0000000800000000)
  region size 4096K, 3 young (12288K), 3 survivors (12288K)
 Metaspace       used 141181K, committed 142592K, reserved 1179648K
  class space    used 16614K, committed 17408K, reserved 1048576K
}
Event: 5001.455 GC heap before
{Heap before GC invocations=507 (full 20):
 garbage-first heap   total 303104K, used 259806K [0x00000006c8000000, 0x0000000800000000)
  region size 4096K, 44 young (180224K), 3 survivors (12288K)
 Metaspace       used 141183K, committed 142592K, reserved 1179648K
  class space    used 16614K, committed 17408K, reserved 1048576K
}
Event: 5001.466 GC heap after
{Heap after GC invocations=508 (full 20):
 garbage-first heap   total 303104K, used 92051K [0x00000006c8000000, 0x0000000800000000)
  region size 4096K, 3 young (12288K), 3 survivors (12288K)
 Metaspace       used 141183K, committed 142592K, reserved 1179648K
  class space    used 16614K, committed 17408K, reserved 1048576K
}
Event: 5001.834 GC heap before
{Heap before GC invocations=508 (full 20):
 garbage-first heap   total 303104K, used 259987K [0x00000006c8000000, 0x0000000800000000)
  region size 4096K, 44 young (180224K), 3 survivors (12288K)
 Metaspace       used 141183K, committed 142592K, reserved 1179648K
  class space    used 16614K, committed 17408K, reserved 1048576K
}
Event: 5001.841 GC heap after
{Heap after GC invocations=509 (full 20):
 garbage-first heap   total 303104K, used 92916K [0x00000006c8000000, 0x0000000800000000)
  region size 4096K, 3 young (12288K), 3 survivors (12288K)
 Metaspace       used 141183K, committed 142592K, reserved 1179648K
  class space    used 16614K, committed 17408K, reserved 1048576K
}
Event: 5002.798 GC heap before
{Heap before GC invocations=510 (full 20):
 garbage-first heap   total 544768K, used 527092K [0x00000006c8000000, 0x0000000800000000)
  region size 4096K, 42 young (172032K), 3 survivors (12288K)
 Metaspace       used 141183K, committed 142592K, reserved 1179648K
  class space    used 16614K, committed 17408K, reserved 1048576K
}
Event: 5002.809 GC heap after
{Heap after GC invocations=511 (full 20):
 garbage-first heap   total 544768K, used 219571K [0x00000006c8000000, 0x0000000800000000)
  region size 4096K, 3 young (12288K), 3 survivors (12288K)
 Metaspace       used 141183K, committed 142592K, reserved 1179648K
  class space    used 16614K, committed 17408K, reserved 1048576K
}
Event: 5003.539 GC heap before
{Heap before GC invocations=511 (full 20):
 garbage-first heap   total 544768K, used 494003K [0x00000006c8000000, 0x0000000800000000)
  region size 4096K, 70 young (286720K), 3 survivors (12288K)
 Metaspace       used 141183K, committed 142592K, reserved 1179648K
  class space    used 16614K, committed 17408K, reserved 1048576K
}
Event: 5003.551 GC heap after
{Heap after GC invocations=512 (full 20):
 garbage-first heap   total 544768K, used 227315K [0x00000006c8000000, 0x0000000800000000)
  region size 4096K, 5 young (20480K), 5 survivors (20480K)
 Metaspace       used 141183K, committed 142592K, reserved 1179648K
  class space    used 16614K, committed 17408K, reserved 1048576K
}
Event: 5004.068 GC heap before
{Heap before GC invocations=512 (full 20):
 garbage-first heap   total 544768K, used 489459K [0x00000006c8000000, 0x0000000800000000)
  region size 4096K, 69 young (282624K), 5 survivors (20480K)
 Metaspace       used 141183K, committed 142592K, reserved 1179648K
  class space    used 16614K, committed 17408K, reserved 1048576K
}
Event: 5004.076 GC heap after
{Heap after GC invocations=513 (full 20):
 garbage-first heap   total 655360K, used 217860K [0x00000006c8000000, 0x0000000800000000)
  region size 4096K, 3 young (12288K), 3 survivors (12288K)
 Metaspace       used 141183K, committed 142592K, reserved 1179648K
  class space    used 16614K, committed 17408K, reserved 1048576K
}
Event: 5006.499 GC heap before
{Heap before GC invocations=514 (full 20):
 garbage-first heap   total 655360K, used 598788K [0x00000006c8000000, 0x0000000800000000)
  region size 4096K, 96 young (393216K), 3 survivors (12288K)
 Metaspace       used 141213K, committed 142592K, reserved 1179648K
  class space    used 16615K, committed 17408K, reserved 1048576K
}
Event: 5006.528 GC heap after
{Heap after GC invocations=515 (full 20):
 garbage-first heap   total 655360K, used 82497K [0x00000006c8000000, 0x0000000800000000)
  region size 4096K, 3 young (12288K), 3 survivors (12288K)
 Metaspace       used 141213K, committed 142592K, reserved 1179648K
  class space    used 16615K, committed 17408K, reserved 1048576K
}

