# JRE version: OpenJDK Runtime Environment Temurin-21.0.6+7 (21.0.6+7) (build 21.0.6+7-LTS)
# Java VM: OpenJDK 64-Bit Server VM Temurin-21.0.6+7 (21.0.6+7-LTS, mixed mode, sharing, tiered, compressed oops, compressed class ptrs, g1 gc, linux-amd64)
GC Precious Log:
 CardTable entry size: 512
 Card Set container configuration: InlinePtr #cards 4 size 8 Array Of Cards #cards 32 size 80 Howl #buckets 8 coarsen threshold 7372 Howl Bitmap #cards 1024 size 144 coarsen threshold 921 Card regions per heap region 1 cards per card region 8192
 CPUs: 4 total, 4 available
 Memory: 19962M
 Large Page Support: Disabled
 NUMA Support: Disabled
 Compressed Oops: Enabled (Zero based)
 Heap Region Size: 4M
 Heap Min Capacity: 8M
 Heap Initial Capacity: 312M
 Heap Max Capacity: 4992M
 Pre-touch: Disabled
 Parallel Workers: 4
 Concurrent Workers: 1
 Concurrent Refinement Workers: 4
 Periodic GC: Disabled
Heap:
 garbage-first heap   total 266240K, used 221860K [0x00000006c8000000, 0x0000000800000000)
  region size 4096K, 39 young (159744K), 2 survivors (8192K)
 Metaspace       used 112167K, committed 113472K, reserved 1179648K
  class space    used 13850K, committed 14528K, reserved 1048576K
GC Heap History (20 events):
Event: 1172.889 GC heap after
{Heap after GC invocations=249 (full 8):
 garbage-first heap   total 503808K, used 206077K [0x00000006c8000000, 0x0000000800000000)
  region size 4096K, 2 young (8192K), 2 survivors (8192K)
 Metaspace       used 110658K, committed 111936K, reserved 1179648K
  class space    used 13669K, committed 14336K, reserved 1048576K
}
Event: 1173.494 GC heap before
{Heap before GC invocations=249 (full 8):
 garbage-first heap   total 503808K, used 464125K [0x00000006c8000000, 0x0000000800000000)
  region size 4096K, 65 young (266240K), 2 survivors (8192K)
 Metaspace       used 110658K, committed 111936K, reserved 1179648K
  class space    used 13669K, committed 14336K, reserved 1048576K
}
Event: 1173.498 GC heap after
{Heap after GC invocations=250 (full 8):
 garbage-first heap   total 503808K, used 209050K [0x00000006c8000000, 0x0000000800000000)
  region size 4096K, 3 young (12288K), 3 survivors (12288K)
 Metaspace       used 110658K, committed 111936K, reserved 1179648K
  class space    used 13669K, committed 14336K, reserved 1048576K
}
Event: 1173.885 GC heap before
{Heap before GC invocations=250 (full 8):
 garbage-first heap   total 503808K, used 458906K [0x00000006c8000000, 0x0000000800000000)
  region size 4096K, 64 young (262144K), 3 survivors (12288K)
 Metaspace       used 110658K, committed 111936K, reserved 1179648K
  class space    used 13669K, committed 14336K, reserved 1048576K
}
Event: 1173.895 GC heap after
{Heap after GC invocations=251 (full 8):
 garbage-first heap   total 503808K, used 227296K [0x00000006c8000000, 0x0000000800000000)
  region size 4096K, 7 young (28672K), 7 survivors (28672K)
 Metaspace       used 110658K, committed 111936K, reserved 1179648K
  class space    used 13669K, committed 14336K, reserved 1048576K
}
Event: 1174.271 GC heap before
{Heap before GC invocations=251 (full 8):
 garbage-first heap   total 503808K, used 444384K [0x00000006c8000000, 0x0000000800000000)
  region size 4096K, 60 young (245760K), 7 survivors (28672K)
 Metaspace       used 110677K, committed 111936K, reserved 1179648K
  class space    used 13669K, committed 14336K, reserved 1048576K
}
Event: 1174.275 GC heap after
{Heap after GC invocations=252 (full 8):
 garbage-first heap   total 503808K, used 210815K [0x00000006c8000000, 0x0000000800000000)
  region size 4096K, 2 young (8192K), 2 survivors (8192K)
 Metaspace       used 110677K, committed 111936K, reserved 1179648K
  class space    used 13669K, committed 14336K, reserved 1048576K
}
Event: 1188.189 GC heap before
{Heap before GC invocations=253 (full 8):
 garbage-first heap   total 503808K, used 444287K [0x00000006c8000000, 0x0000000800000000)
  region size 4096K, 60 young (245760K), 2 survivors (8192K)
 Metaspace       used 110864K, committed 112128K, reserved 1179648K
  class space    used 13700K, committed 14400K, reserved 1048576K
}
Event: 1188.262 GC heap after
{Heap after GC invocations=254 (full 9):
 garbage-first heap   total 221184K, used 59092K [0x00000006c8000000, 0x0000000800000000)
  region size 4096K, 0 young (0K), 0 survivors (0K)
 Metaspace       used 110854K, committed 112128K, reserved 1179648K
  class space    used 13698K, committed 14400K, reserved 1048576K
}
Event: 1190.399 GC heap before
{Heap before GC invocations=254 (full 9):
 garbage-first heap   total 221184K, used 186068K [0x00000006c8000000, 0x0000000800000000)
  region size 4096K, 32 young (131072K), 0 survivors (0K)
 Metaspace       used 111588K, committed 112832K, reserved 1179648K
  class space    used 13785K, committed 14464K, reserved 1048576K
}
Event: 1190.408 GC heap after
{Heap after GC invocations=255 (full 9):
 garbage-first heap   total 221184K, used 66416K [0x00000006c8000000, 0x0000000800000000)
  region size 4096K, 2 young (8192K), 2 survivors (8192K)
 Metaspace       used 111588K, committed 112832K, reserved 1179648K
  class space    used 13785K, committed 14464K, reserved 1048576K
}
Event: 1190.949 GC heap before
{Heap before GC invocations=256 (full 9):
 garbage-first heap   total 221184K, used 189296K [0x00000006c8000000, 0x0000000800000000)
  region size 4096K, 32 young (131072K), 2 survivors (8192K)
 Metaspace       used 111864K, committed 113152K, reserved 1179648K
  class space    used 13834K, committed 14528K, reserved 1048576K
}
Event: 1190.955 GC heap after
{Heap after GC invocations=257 (full 9):
 garbage-first heap   total 221184K, used 70397K [0x00000006c8000000, 0x0000000800000000)
  region size 4096K, 3 young (12288K), 3 survivors (12288K)
 Metaspace       used 111864K, committed 113152K, reserved 1179648K
  class space    used 13834K, committed 14528K, reserved 1048576K
}
Event: 1191.351 GC heap before
{Heap before GC invocations=257 (full 9):
 garbage-first heap   total 221184K, used 185085K [0x00000006c8000000, 0x0000000800000000)
  region size 4096K, 31 young (126976K), 3 survivors (12288K)
 Metaspace       used 111864K, committed 113152K, reserved 1179648K
  class space    used 13834K, committed 14528K, reserved 1048576K
}
Event: 1191.359 GC heap after
{Heap after GC invocations=258 (full 9):
 garbage-first heap   total 221184K, used 70974K [0x00000006c8000000, 0x0000000800000000)
  region size 4096K, 2 young (8192K), 2 survivors (8192K)
 Metaspace       used 111864K, committed 113152K, reserved 1179648K
  class space    used 13834K, committed 14528K, reserved 1048576K
}
Event: 1191.796 GC heap before
{Heap before GC invocations=258 (full 9):
 garbage-first heap   total 221184K, used 185662K [0x00000006c8000000, 0x0000000800000000)
  region size 4096K, 30 young (122880K), 2 survivors (8192K)
 Metaspace       used 111864K, committed 113152K, reserved 1179648K
  class space    used 13834K, committed 14528K, reserved 1048576K
}
Event: 1191.802 GC heap after
{Heap after GC invocations=259 (full 9):
 garbage-first heap   total 266240K, used 70469K [0x00000006c8000000, 0x0000000800000000)
  region size 4096K, 2 young (8192K), 2 survivors (8192K)
 Metaspace       used 111864K, committed 113152K, reserved 1179648K
  class space    used 13834K, committed 14528K, reserved 1048576K
}
Event: 1192.259 GC heap before
{Heap before GC invocations=260 (full 9):
 garbage-first heap   total 266240K, used 222021K [0x00000006c8000000, 0x0000000800000000)
  region size 4096K, 39 young (159744K), 2 survivors (8192K)
 Metaspace       used 111868K, committed 113216K, reserved 1179648K
  class space    used 13834K, committed 14528K, reserved 1048576K
}
Event: 1192.263 GC heap after
{Heap after GC invocations=261 (full 9):
 garbage-first heap   total 266240K, used 70308K [0x00000006c8000000, 0x0000000800000000)
  region size 4096K, 2 young (8192K), 2 survivors (8192K)
 Metaspace       used 111868K, committed 113216K, reserved 1179648K
  class space    used 13834K, committed 14528K, reserved 1048576K
}
Event: 1208.317 GC heap before
{Heap before GC invocations=261 (full 9):
 garbage-first heap   total 266240K, used 217764K [0x00000006c8000000, 0x0000000800000000)
  region size 4096K, 39 young (159744K), 2 survivors (8192K)
 Metaspace       used 112167K, committed 113472K, reserved 1179648K
  class space    used 13850K, committed 14528K, reserved 1048576K
}

