# JRE version: OpenJDK Runtime Environment (21.0.6+7) (build 21.0.6+7-Ubuntu-124.04.1)
# Java VM: OpenJDK 64-Bit Server VM (21.0.6+7-Ubuntu-124.04.1, mixed mode, sharing, tiered, compressed oops, compressed class ptrs, g1 gc, linux-amd64)
GC Precious Log:
 CardTable entry size: 512
 Card Set container configuration: InlinePtr #cards 4 size 8 Array Of Cards #cards 32 size 80 Howl #buckets 8 coarsen threshold 7372 Howl Bitmap #cards 1024 size 144 coarsen threshold 921 Card regions per heap region 1 cards per card region 8192
 CPUs: 4 total, 4 available
 Memory: 19962M
 Large Page Support: Disabled
 NUMA Support: Disabled
 Compressed Oops: Enabled (Zero based)
 Heap Region Size: 4M
 Heap Min Capacity: 8M
 Heap Initial Capacity: 312M
 Heap Max Capacity: 4992M
 Pre-touch: Disabled
 Parallel Workers: 4
 Concurrent Workers: 1
 Concurrent Refinement Workers: 4
 Periodic GC: Disabled
Heap:
 garbage-first heap   total 217088K, used 175393K [0x00000006c8000000, 0x0000000800000000)
  region size 4096K, 31 young (126976K), 2 survivors (8192K)
 Metaspace       used 91862K, committed 92800K, reserved 1179648K
  class space    used 11725K, committed 12160K, reserved 1048576K
GC Heap History (20 events):
Event: 25.421 GC heap after
{Heap after GC invocations=44 (full 0):
 garbage-first heap   total 483328K, used 190061K [0x00000006c8000000, 0x0000000800000000)
  region size 4096K, 1 young (4096K), 1 survivors (4096K)
 Metaspace       used 77378K, committed 78144K, reserved 1179648K
  class space    used 9990K, committed 10368K, reserved 1048576K
}
Event: 30.516 GC heap before
{Heap before GC invocations=45 (full 0):
 garbage-first heap   total 483328K, used 448109K [0x00000006c8000000, 0x0000000800000000)
  region size 4096K, 64 young (262144K), 1 survivors (4096K)
 Metaspace       used 82793K, committed 83648K, reserved 1179648K
  class space    used 10625K, committed 11008K, reserved 1048576K
}
Event: 30.523 GC heap after
{Heap after GC invocations=46 (full 0):
 garbage-first heap   total 483328K, used 56425K [0x00000006c8000000, 0x0000000800000000)
  region size 4096K, 1 young (4096K), 1 survivors (4096K)
 Metaspace       used 82793K, committed 83648K, reserved 1179648K
  class space    used 10625K, committed 11008K, reserved 1048576K
}
Event: 87.605 GC heap before
{Heap before GC invocations=46 (full 0):
 garbage-first heap   total 483328K, used 187497K [0x00000006c8000000, 0x0000000800000000)
  region size 4096K, 35 young (143360K), 1 survivors (4096K)
 Metaspace       used 89798K, committed 90816K, reserved 1179648K
  class space    used 11541K, committed 12032K, reserved 1048576K
}
Event: 87.671 GC heap after
{Heap after GC invocations=47 (full 1):
 garbage-first heap   total 180224K, used 44195K [0x00000006c8000000, 0x0000000800000000)
  region size 4096K, 0 young (0K), 0 survivors (0K)
 Metaspace       used 89798K, committed 90816K, reserved 1179648K
  class space    used 11541K, committed 12032K, reserved 1048576K
}
Event: 89.654 GC heap before
{Heap before GC invocations=47 (full 1):
 garbage-first heap   total 180224K, used 146595K [0x00000006c8000000, 0x0000000800000000)
  region size 4096K, 26 young (106496K), 0 survivors (0K)
 Metaspace       used 90353K, committed 91328K, reserved 1179648K
  class space    used 11576K, committed 12032K, reserved 1048576K
}
Event: 89.676 GC heap after
{Heap after GC invocations=48 (full 1):
 garbage-first heap   total 180224K, used 51885K [0x00000006c8000000, 0x0000000800000000)
  region size 4096K, 2 young (8192K), 2 survivors (8192K)
 Metaspace       used 90353K, committed 91328K, reserved 1179648K
  class space    used 11576K, committed 12032K, reserved 1048576K
}
Event: 90.212 GC heap before
{Heap before GC invocations=49 (full 1):
 garbage-first heap   total 180224K, used 150189K [0x00000006c8000000, 0x0000000800000000)
  region size 4096K, 26 young (106496K), 2 survivors (8192K)
 Metaspace       used 91150K, committed 92160K, reserved 1179648K
  class space    used 11679K, committed 12160K, reserved 1048576K
}
Event: 90.220 GC heap after
{Heap after GC invocations=50 (full 1):
 garbage-first heap   total 180224K, used 55690K [0x00000006c8000000, 0x0000000800000000)
  region size 4096K, 3 young (12288K), 3 survivors (12288K)
 Metaspace       used 91150K, committed 92160K, reserved 1179648K
  class space    used 11679K, committed 12160K, reserved 1048576K
}
Event: 90.602 GC heap before
{Heap before GC invocations=50 (full 1):
 garbage-first heap   total 180224K, used 145802K [0x00000006c8000000, 0x0000000800000000)
  region size 4096K, 25 young (102400K), 3 survivors (12288K)
 Metaspace       used 91151K, committed 92160K, reserved 1179648K
  class space    used 11679K, committed 12160K, reserved 1048576K
}
Event: 90.610 GC heap after
{Heap after GC invocations=51 (full 1):
 garbage-first heap   total 180224K, used 55513K [0x00000006c8000000, 0x0000000800000000)
  region size 4096K, 2 young (8192K), 2 survivors (8192K)
 Metaspace       used 91151K, committed 92160K, reserved 1179648K
  class space    used 11679K, committed 12160K, reserved 1048576K
}
Event: 90.926 GC heap before
{Heap before GC invocations=51 (full 1):
 garbage-first heap   total 180224K, used 149721K [0x00000006c8000000, 0x0000000800000000)
  region size 4096K, 25 young (102400K), 2 survivors (8192K)
 Metaspace       used 91152K, committed 92160K, reserved 1179648K
  class space    used 11679K, committed 12160K, reserved 1048576K
}
Event: 90.930 GC heap after
{Heap after GC invocations=52 (full 1):
 garbage-first heap   total 180224K, used 56316K [0x00000006c8000000, 0x0000000800000000)
  region size 4096K, 2 young (8192K), 2 survivors (8192K)
 Metaspace       used 91152K, committed 92160K, reserved 1179648K
  class space    used 11679K, committed 12160K, reserved 1048576K
}
Event: 91.343 GC heap before
{Heap before GC invocations=53 (full 1):
 garbage-first heap   total 180224K, used 150524K [0x00000006c8000000, 0x0000000800000000)
  region size 4096K, 25 young (102400K), 2 survivors (8192K)
 Metaspace       used 91153K, committed 92160K, reserved 1179648K
  class space    used 11679K, committed 12160K, reserved 1048576K
}
Event: 91.348 GC heap after
{Heap after GC invocations=54 (full 1):
 garbage-first heap   total 180224K, used 56036K [0x00000006c8000000, 0x0000000800000000)
  region size 4096K, 2 young (8192K), 2 survivors (8192K)
 Metaspace       used 91153K, committed 92160K, reserved 1179648K
  class space    used 11679K, committed 12160K, reserved 1048576K
}
Event: 91.732 GC heap before
{Heap before GC invocations=54 (full 1):
 garbage-first heap   total 180224K, used 146148K [0x00000006c8000000, 0x0000000800000000)
  region size 4096K, 25 young (102400K), 2 survivors (8192K)
 Metaspace       used 91154K, committed 92160K, reserved 1179648K
  class space    used 11679K, committed 12160K, reserved 1048576K
}
Event: 91.743 GC heap after
{Heap after GC invocations=55 (full 1):
 garbage-first heap   total 180224K, used 58897K [0x00000006c8000000, 0x0000000800000000)
  region size 4096K, 2 young (8192K), 2 survivors (8192K)
 Metaspace       used 91154K, committed 92160K, reserved 1179648K
  class space    used 11679K, committed 12160K, reserved 1048576K
}
Event: 92.164 GC heap before
{Heap before GC invocations=55 (full 1):
 garbage-first heap   total 180224K, used 153105K [0x00000006c8000000, 0x0000000800000000)
  region size 4096K, 25 young (102400K), 2 survivors (8192K)
 Metaspace       used 91264K, committed 92288K, reserved 1179648K
  class space    used 11679K, committed 12160K, reserved 1048576K
}
Event: 92.168 GC heap after
{Heap after GC invocations=56 (full 1):
 garbage-first heap   total 217088K, used 56609K [0x00000006c8000000, 0x0000000800000000)
  region size 4096K, 2 young (8192K), 2 survivors (8192K)
 Metaspace       used 91264K, committed 92288K, reserved 1179648K
  class space    used 11679K, committed 12160K, reserved 1048576K
}
Event: 108.389 GC heap before
{Heap before GC invocations=57 (full 1):
 garbage-first heap   total 217088K, used 171297K [0x00000006c8000000, 0x0000000800000000)
  region size 4096K, 31 young (126976K), 2 survivors (8192K)
 Metaspace       used 91862K, committed 92800K, reserved 1179648K
  class space    used 11725K, committed 12160K, reserved 1048576K
}

