# JRE version: OpenJDK Runtime Environment (21.0.6+7) (build 21.0.6+7-Ubuntu-124.04.1)
# Java VM: OpenJDK 64-Bit Server VM (21.0.6+7-Ubuntu-124.04.1, mixed mode, sharing, tiered, compressed oops, compressed class ptrs, g1 gc, linux-amd64)
GC Precious Log:
 CardTable entry size: 512
 Card Set container configuration: InlinePtr #cards 4 size 8 Array Of Cards #cards 32 size 80 Howl #buckets 8 coarsen threshold 7372 Howl Bitmap #cards 1024 size 144 coarsen threshold 921 Card regions per heap region 1 cards per card region 8192
 CPUs: 4 total, 4 available
 Memory: 19962M
 Large Page Support: Disabled
 NUMA Support: Disabled
 Compressed Oops: Enabled (Zero based)
 Heap Region Size: 4M
 Heap Min Capacity: 8M
 Heap Initial Capacity: 312M
 Heap Max Capacity: 4992M
 Pre-touch: Disabled
 Parallel Workers: 4
 Concurrent Workers: 1
 Concurrent Refinement Workers: 4
 Periodic GC: Disabled
Heap:
 garbage-first heap   total 286720K, used 239886K [0x00000006c8000000, 0x0000000800000000)
  region size 4096K, 41 young (167936K), 4 survivors (16384K)
 Metaspace       used 143741K, committed 145280K, reserved 1179648K
  class space    used 17180K, committed 17920K, reserved 1048576K
GC Heap History (20 events):
Event: 3414.352 GC heap after
{Heap after GC invocations=497 (full 20):
 garbage-first heap   total 512000K, used 248696K [0x00000006c8000000, 0x0000000800000000)
  region size 4096K, 6 young (24576K), 6 survivors (24576K)
 Metaspace       used 141510K, committed 143040K, reserved 1179648K
  class space    used 16920K, committed 17600K, reserved 1048576K
}
Event: 3414.745 GC heap before
{Heap before GC invocations=498 (full 20):
 garbage-first heap   total 512000K, used 453496K [0x00000006c8000000, 0x0000000800000000)
  region size 4096K, 56 young (229376K), 6 survivors (24576K)
 Metaspace       used 141510K, committed 143040K, reserved 1179648K
  class space    used 16920K, committed 17600K, reserved 1048576K
}
Event: 3414.747 GC heap after
{Heap after GC invocations=499 (full 20):
 garbage-first heap   total 512000K, used 230696K [0x00000006c8000000, 0x0000000800000000)
  region size 4096K, 1 young (4096K), 1 survivors (4096K)
 Metaspace       used 141510K, committed 143040K, reserved 1179648K
  class space    used 16920K, committed 17600K, reserved 1048576K
}
Event: 3415.257 GC heap before
{Heap before GC invocations=499 (full 20):
 garbage-first heap   total 512000K, used 476456K [0x00000006c8000000, 0x0000000800000000)
  region size 4096K, 61 young (249856K), 1 survivors (4096K)
 Metaspace       used 141510K, committed 143040K, reserved 1179648K
  class space    used 16920K, committed 17600K, reserved 1048576K
}
Event: 3415.259 GC heap after
{Heap after GC invocations=500 (full 20):
 garbage-first heap   total 512000K, used 227665K [0x00000006c8000000, 0x0000000800000000)
  region size 4096K, 1 young (4096K), 1 survivors (4096K)
 Metaspace       used 141510K, committed 143040K, reserved 1179648K
  class space    used 16920K, committed 17600K, reserved 1048576K
}
Event: 3428.952 GC heap before
{Heap before GC invocations=500 (full 20):
 garbage-first heap   total 512000K, used 469329K [0x00000006c8000000, 0x0000000800000000)
  region size 4096K, 61 young (249856K), 1 survivors (4096K)
 Metaspace       used 141560K, committed 143040K, reserved 1179648K
  class space    used 16925K, committed 17600K, reserved 1048576K
}
Event: 3428.954 GC heap after
{Heap after GC invocations=501 (full 20):
 garbage-first heap   total 512000K, used 91762K [0x00000006c8000000, 0x0000000800000000)
  region size 4096K, 1 young (4096K), 1 survivors (4096K)
 Metaspace       used 141560K, committed 143040K, reserved 1179648K
  class space    used 16925K, committed 17600K, reserved 1048576K
}
Event: 3779.432 GC heap before
{Heap before GC invocations=502 (full 20):
 garbage-first heap   total 327680K, used 280178K [0x00000006c8000000, 0x0000000800000000)
  region size 4096K, 48 young (196608K), 1 survivors (4096K)
 Metaspace       used 141882K, committed 143424K, reserved 1179648K
  class space    used 16965K, committed 17664K, reserved 1048576K
}
Event: 3779.439 GC heap after
{Heap after GC invocations=503 (full 20):
 garbage-first heap   total 327680K, used 100004K [0x00000006c8000000, 0x0000000800000000)
  region size 4096K, 3 young (12288K), 3 survivors (12288K)
 Metaspace       used 141882K, committed 143424K, reserved 1179648K
  class space    used 16965K, committed 17664K, reserved 1048576K
}
Event: 4348.970 GC heap before
{Heap before GC invocations=503 (full 20):
 garbage-first heap   total 327680K, used 239268K [0x00000006c8000000, 0x0000000800000000)
  region size 4096K, 38 young (155648K), 3 survivors (12288K)
 Metaspace       used 141950K, committed 143488K, reserved 1179648K
  class space    used 16970K, committed 17664K, reserved 1048576K
}
Event: 4349.068 GC heap after
{Heap after GC invocations=504 (full 21):
 garbage-first heap   total 286720K, used 75520K [0x00000006c8000000, 0x0000000800000000)
  region size 4096K, 0 young (0K), 0 survivors (0K)
 Metaspace       used 141947K, committed 143488K, reserved 1179648K
  class space    used 16969K, committed 17664K, reserved 1048576K
}
Event: 4350.793 GC heap before
{Heap before GC invocations=504 (full 21):
 garbage-first heap   total 286720K, used 243456K [0x00000006c8000000, 0x0000000800000000)
  region size 4096K, 42 young (172032K), 0 survivors (0K)
 Metaspace       used 143320K, committed 144832K, reserved 1179648K
  class space    used 17142K, committed 17856K, reserved 1048576K
}
Event: 4350.813 GC heap after
{Heap after GC invocations=505 (full 21):
 garbage-first heap   total 286720K, used 84401K [0x00000006c8000000, 0x0000000800000000)
  region size 4096K, 3 young (12288K), 3 survivors (12288K)
 Metaspace       used 143320K, committed 144832K, reserved 1179648K
  class space    used 17142K, committed 17856K, reserved 1048576K
}
Event: 4351.424 GC heap before
{Heap before GC invocations=506 (full 21):
 garbage-first heap   total 286720K, used 244145K [0x00000006c8000000, 0x0000000800000000)
  region size 4096K, 42 young (172032K), 3 survivors (12288K)
 Metaspace       used 143320K, committed 144832K, reserved 1179648K
  class space    used 17142K, committed 17856K, reserved 1048576K
}
Event: 4351.431 GC heap after
{Heap after GC invocations=507 (full 21):
 garbage-first heap   total 286720K, used 87505K [0x00000006c8000000, 0x0000000800000000)
  region size 4096K, 3 young (12288K), 3 survivors (12288K)
 Metaspace       used 143320K, committed 144832K, reserved 1179648K
  class space    used 17142K, committed 17856K, reserved 1048576K
}
Event: 4351.999 GC heap before
{Heap before GC invocations=507 (full 21):
 garbage-first heap   total 286720K, used 247249K [0x00000006c8000000, 0x0000000800000000)
  region size 4096K, 42 young (172032K), 3 survivors (12288K)
 Metaspace       used 143320K, committed 144832K, reserved 1179648K
  class space    used 17142K, committed 17856K, reserved 1048576K
}
Event: 4352.005 GC heap after
{Heap after GC invocations=508 (full 21):
 garbage-first heap   total 286720K, used 87190K [0x00000006c8000000, 0x0000000800000000)
  region size 4096K, 3 young (12288K), 3 survivors (12288K)
 Metaspace       used 143320K, committed 144832K, reserved 1179648K
  class space    used 17142K, committed 17856K, reserved 1048576K
}
Event: 4352.686 GC heap before
{Heap before GC invocations=508 (full 21):
 garbage-first heap   total 286720K, used 246934K [0x00000006c8000000, 0x0000000800000000)
  region size 4096K, 42 young (172032K), 3 survivors (12288K)
 Metaspace       used 143320K, committed 144832K, reserved 1179648K
  class space    used 17142K, committed 17856K, reserved 1048576K
}
Event: 4352.701 GC heap after
{Heap after GC invocations=509 (full 21):
 garbage-first heap   total 286720K, used 88334K [0x00000006c8000000, 0x0000000800000000)
  region size 4096K, 4 young (16384K), 4 survivors (16384K)
 Metaspace       used 143320K, committed 144832K, reserved 1179648K
  class space    used 17142K, committed 17856K, reserved 1048576K
}
Event: 4370.356 GC heap before
{Heap before GC invocations=510 (full 21):
 garbage-first heap   total 286720K, used 239886K [0x00000006c8000000, 0x0000000800000000)
  region size 4096K, 41 young (167936K), 4 survivors (16384K)
 Metaspace       used 143741K, committed 145280K, reserved 1179648K
  class space    used 17180K, committed 17920K, reserved 1048576K
}

