# JRE version: OpenJDK Runtime Environment (21.0.7+6) (build 21.0.7+6-Ubuntu-0ubuntu124.04)
# Java VM: OpenJDK 64-Bit Server VM (21.0.7+6-Ubuntu-0ubuntu124.04, mixed mode, sharing, tiered, compressed oops, compressed class ptrs, g1 gc, linux-amd64)
GC Precious Log:
 CardTable entry size: 512
 Card Set container configuration: InlinePtr #cards 4 size 8 Array Of Cards #cards 32 size 80 Howl #buckets 8 coarsen threshold 7372 Howl Bitmap #cards 1024 size 144 coarsen threshold 921 Card regions per heap region 1 cards per card region 8192
 CPUs: 4 total, 4 available
 Memory: 19962M
 Large Page Support: Disabled
 NUMA Support: Disabled
 Compressed Oops: Enabled (Zero based)
 Heap Region Size: 4M
 Heap Min Capacity: 8M
 Heap Initial Capacity: 312M
 Heap Max Capacity: 4992M
 Pre-touch: Disabled
 Parallel Workers: 4
 Concurrent Workers: 1
 Concurrent Refinement Workers: 4
 Periodic GC: Disabled
Heap:
 garbage-first heap   total 421888K, used 100122K [0x00000006c8000000, 0x0000000800000000)
  region size 4096K, 8 young (32768K), 1 survivors (4096K)
 Metaspace       used 104495K, committed 105536K, reserved 1179648K
  class space    used 12896K, committed 13376K, reserved 1048576K
GC Heap History (20 events):
Event: 1043.806 GC heap after
{Heap after GC invocations=129 (full 4):
 garbage-first heap   total 282624K, used 89864K [0x00000006c8000000, 0x0000000800000000)
  region size 4096K, 1 young (4096K), 1 survivors (4096K)
 Metaspace       used 104294K, committed 105344K, reserved 1179648K
  class space    used 12870K, committed 13376K, reserved 1048576K
}
Event: 1044.178 GC heap before
{Heap before GC invocations=129 (full 4):
 garbage-first heap   total 282624K, used 245512K [0x00000006c8000000, 0x0000000800000000)
  region size 4096K, 39 young (159744K), 1 survivors (4096K)
 Metaspace       used 104294K, committed 105344K, reserved 1179648K
  class space    used 12870K, committed 13376K, reserved 1048576K
}
Event: 1044.182 GC heap after
{Heap after GC invocations=130 (full 4):
 garbage-first heap   total 282624K, used 85892K [0x00000006c8000000, 0x0000000800000000)
  region size 4096K, 1 young (4096K), 1 survivors (4096K)
 Metaspace       used 104294K, committed 105344K, reserved 1179648K
  class space    used 12870K, committed 13376K, reserved 1048576K
}
Event: 1044.574 GC heap before
{Heap before GC invocations=130 (full 4):
 garbage-first heap   total 282624K, used 245636K [0x00000006c8000000, 0x0000000800000000)
  region size 4096K, 40 young (163840K), 1 survivors (4096K)
 Metaspace       used 104294K, committed 105344K, reserved 1179648K
  class space    used 12870K, committed 13376K, reserved 1048576K
}
Event: 1044.576 GC heap after
{Heap after GC invocations=131 (full 4):
 garbage-first heap   total 282624K, used 86981K [0x00000006c8000000, 0x0000000800000000)
  region size 4096K, 1 young (4096K), 1 survivors (4096K)
 Metaspace       used 104294K, committed 105344K, reserved 1179648K
  class space    used 12870K, committed 13376K, reserved 1048576K
}
Event: 1045.183 GC heap before
{Heap before GC invocations=132 (full 4):
 garbage-first heap   total 417792K, used 410565K [0x00000006c8000000, 0x0000000800000000)
  region size 4096K, 13 young (53248K), 1 survivors (4096K)
 Metaspace       used 104294K, committed 105344K, reserved 1179648K
  class space    used 12870K, committed 13376K, reserved 1048576K
}
Event: 1045.184 GC heap after
{Heap after GC invocations=133 (full 4):
 garbage-first heap   total 421888K, used 213058K [0x00000006c8000000, 0x0000000800000000)
  region size 4096K, 1 young (4096K), 1 survivors (4096K)
 Metaspace       used 104294K, committed 105344K, reserved 1179648K
  class space    used 12870K, committed 13376K, reserved 1048576K
}
Event: 1045.599 GC heap before
{Heap before GC invocations=133 (full 4):
 garbage-first heap   total 421888K, used 385090K [0x00000006c8000000, 0x0000000800000000)
  region size 4096K, 43 young (176128K), 1 survivors (4096K)
 Metaspace       used 104294K, committed 105344K, reserved 1179648K
  class space    used 12870K, committed 13376K, reserved 1048576K
}
Event: 1045.601 GC heap after
{Heap after GC invocations=134 (full 4):
 garbage-first heap   total 421888K, used 209934K [0x00000006c8000000, 0x0000000800000000)
  region size 4096K, 1 young (4096K), 1 survivors (4096K)
 Metaspace       used 104294K, committed 105344K, reserved 1179648K
  class space    used 12870K, committed 13376K, reserved 1048576K
}
Event: 1045.878 GC heap before
{Heap before GC invocations=134 (full 4):
 garbage-first heap   total 421888K, used 386062K [0x00000006c8000000, 0x0000000800000000)
  region size 4096K, 44 young (180224K), 1 survivors (4096K)
 Metaspace       used 104294K, committed 105344K, reserved 1179648K
  class space    used 12870K, committed 13376K, reserved 1048576K
}
Event: 1045.888 GC heap after
{Heap after GC invocations=135 (full 4):
 garbage-first heap   total 421888K, used 235056K [0x00000006c8000000, 0x0000000800000000)
  region size 4096K, 6 young (24576K), 6 survivors (24576K)
 Metaspace       used 104294K, committed 105344K, reserved 1179648K
  class space    used 12870K, committed 13376K, reserved 1048576K
}
Event: 1046.128 GC heap before
{Heap before GC invocations=136 (full 4):
 garbage-first heap   total 421888K, used 370224K [0x00000006c8000000, 0x0000000800000000)
  region size 4096K, 39 young (159744K), 6 survivors (24576K)
 Metaspace       used 104294K, committed 105344K, reserved 1179648K
  class space    used 12870K, committed 13376K, reserved 1048576K
}
Event: 1046.130 GC heap after
{Heap after GC invocations=137 (full 4):
 garbage-first heap   total 421888K, used 213930K [0x00000006c8000000, 0x0000000800000000)
  region size 4096K, 1 young (4096K), 1 survivors (4096K)
 Metaspace       used 104294K, committed 105344K, reserved 1179648K
  class space    used 12870K, committed 13376K, reserved 1048576K
}
Event: 1046.428 GC heap before
{Heap before GC invocations=137 (full 4):
 garbage-first heap   total 421888K, used 390058K [0x00000006c8000000, 0x0000000800000000)
  region size 4096K, 44 young (180224K), 1 survivors (4096K)
 Metaspace       used 104296K, committed 105344K, reserved 1179648K
  class space    used 12872K, committed 13376K, reserved 1048576K
}
Event: 1046.429 GC heap after
{Heap after GC invocations=138 (full 4):
 garbage-first heap   total 421888K, used 208760K [0x00000006c8000000, 0x0000000800000000)
  region size 4096K, 1 young (4096K), 1 survivors (4096K)
 Metaspace       used 104296K, committed 105344K, reserved 1179648K
  class space    used 12872K, committed 13376K, reserved 1048576K
}
Event: 1046.844 GC heap before
{Heap before GC invocations=138 (full 4):
 garbage-first heap   total 421888K, used 388984K [0x00000006c8000000, 0x0000000800000000)
  region size 4096K, 45 young (184320K), 1 survivors (4096K)
 Metaspace       used 104296K, committed 105344K, reserved 1179648K
  class space    used 12872K, committed 13376K, reserved 1048576K
}
Event: 1046.846 GC heap after
{Heap after GC invocations=139 (full 4):
 garbage-first heap   total 421888K, used 209601K [0x00000006c8000000, 0x0000000800000000)
  region size 4096K, 1 young (4096K), 1 survivors (4096K)
 Metaspace       used 104296K, committed 105344K, reserved 1179648K
  class space    used 12872K, committed 13376K, reserved 1048576K
}
Event: 1083.805 GC heap before
{Heap before GC invocations=140 (full 4):
 garbage-first heap   total 421888K, used 385729K [0x00000006c8000000, 0x0000000800000000)
  region size 4096K, 45 young (184320K), 1 survivors (4096K)
 Metaspace       used 104405K, committed 105408K, reserved 1179648K
  class space    used 12877K, committed 13376K, reserved 1048576K
}
Event: 1083.808 GC heap after
{Heap after GC invocations=141 (full 4):
 garbage-first heap   total 421888K, used 74307K [0x00000006c8000000, 0x0000000800000000)
  region size 4096K, 1 young (4096K), 1 survivors (4096K)
 Metaspace       used 104405K, committed 105408K, reserved 1179648K
  class space    used 12877K, committed 13376K, reserved 1048576K
}
Event: 1185.641 GC heap before
{Heap before GC invocations=141 (full 4):
 garbage-first heap   total 421888K, used 98883K [0x00000006c8000000, 0x0000000800000000)
  region size 4096K, 8 young (32768K), 1 survivors (4096K)
 Metaspace       used 104495K, committed 105536K, reserved 1179648K
  class space    used 12896K, committed 13376K, reserved 1048576K
}

