# JRE version: OpenJDK Runtime Environment Temurin-21.0.6+7 (21.0.6+7) (build 21.0.6+7-LTS)
# Java VM: OpenJDK 64-Bit Server VM Temurin-21.0.6+7 (21.0.6+7-LTS, mixed mode, sharing, tiered, compressed oops, compressed class ptrs, g1 gc, linux-amd64)
GC Precious Log:
 CardTable entry size: 512
 Card Set container configuration: InlinePtr #cards 4 size 8 Array Of Cards #cards 32 size 80 Howl #buckets 8 coarsen threshold 7372 Howl Bitmap #cards 1024 size 144 coarsen threshold 921 Card regions per heap region 1 cards per card region 8192
 CPUs: 4 total, 4 available
 Memory: 19962M
 Large Page Support: Disabled
 NUMA Support: Disabled
 Compressed Oops: Enabled (Zero based)
 Heap Region Size: 4M
 Heap Min Capacity: 8M
 Heap Initial Capacity: 312M
 Heap Max Capacity: 4992M
 Pre-touch: Disabled
 Parallel Workers: 4
 Concurrent Workers: 1
 Concurrent Refinement Workers: 4
 Periodic GC: Disabled
Heap:
 garbage-first heap   total 368640K, used 323806K [0x00000006c8000000, 0x0000000800000000)
  region size 4096K, 53 young (217088K), 3 survivors (12288K)
 Metaspace       used 190131K, committed 191936K, reserved 1245184K
  class space    used 22735K, committed 23680K, reserved 1048576K
GC Heap History (20 events):
Event: 11166.783 GC heap after
{Heap after GC invocations=1091 (full 51):
 garbage-first heap   total 380928K, used 103422K [0x00000006c8000000, 0x0000000800000000)
  region size 4096K, 4 young (16384K), 4 survivors (16384K)
 Metaspace       used 187116K, committed 188864K, reserved 1245184K
  class space    used 22371K, committed 23296K, reserved 1048576K
}
Event: 11527.512 GC heap before
{Heap before GC invocations=1092 (full 51):
 garbage-first heap   total 368640K, used 304126K [0x00000006c8000000, 0x0000000800000000)
  region size 4096K, 54 young (221184K), 4 survivors (16384K)
 Metaspace       used 188085K, committed 189888K, reserved 1245184K
  class space    used 22492K, committed 23424K, reserved 1048576K
}
Event: 11527.519 GC heap after
{Heap after GC invocations=1093 (full 51):
 garbage-first heap   total 368640K, used 102828K [0x00000006c8000000, 0x0000000800000000)
  region size 4096K, 3 young (12288K), 3 survivors (12288K)
 Metaspace       used 188085K, committed 189888K, reserved 1245184K
  class space    used 22492K, committed 23424K, reserved 1048576K
}
Event: 11528.309 GC heap before
{Heap before GC invocations=1093 (full 51):
 garbage-first heap   total 368640K, used 311724K [0x00000006c8000000, 0x0000000800000000)
  region size 4096K, 54 young (221184K), 3 survivors (12288K)
 Metaspace       used 188645K, committed 190528K, reserved 1245184K
  class space    used 22569K, committed 23552K, reserved 1048576K
}
Event: 11528.317 GC heap after
{Heap after GC invocations=1094 (full 51):
 garbage-first heap   total 368640K, used 106613K [0x00000006c8000000, 0x0000000800000000)
  region size 4096K, 4 young (16384K), 4 survivors (16384K)
 Metaspace       used 188645K, committed 190528K, reserved 1245184K
  class space    used 22569K, committed 23552K, reserved 1048576K
}
Event: 11529.015 GC heap before
{Heap before GC invocations=1094 (full 51):
 garbage-first heap   total 368640K, used 311413K [0x00000006c8000000, 0x0000000800000000)
  region size 4096K, 54 young (221184K), 4 survivors (16384K)
 Metaspace       used 188645K, committed 190528K, reserved 1245184K
  class space    used 22569K, committed 23552K, reserved 1048576K
}
Event: 11529.023 GC heap after
{Heap after GC invocations=1095 (full 51):
 garbage-first heap   total 368640K, used 108036K [0x00000006c8000000, 0x0000000800000000)
  region size 4096K, 4 young (16384K), 4 survivors (16384K)
 Metaspace       used 188645K, committed 190528K, reserved 1245184K
  class space    used 22569K, committed 23552K, reserved 1048576K
}
Event: 11530.270 GC heap before
{Heap before GC invocations=1096 (full 51):
 garbage-first heap   total 368640K, used 312836K [0x00000006c8000000, 0x0000000800000000)
  region size 4096K, 54 young (221184K), 4 survivors (16384K)
 Metaspace       used 188902K, committed 190784K, reserved 1245184K
  class space    used 22586K, committed 23552K, reserved 1048576K
}
Event: 11530.279 GC heap after
{Heap after GC invocations=1097 (full 51):
 garbage-first heap   total 368640K, used 109510K [0x00000006c8000000, 0x0000000800000000)
  region size 4096K, 2 young (8192K), 2 survivors (8192K)
 Metaspace       used 188902K, committed 190784K, reserved 1245184K
  class space    used 22586K, committed 23552K, reserved 1048576K
}
Event: 11910.632 GC heap before
{Heap before GC invocations=1097 (full 51):
 garbage-first heap   total 368640K, used 322502K [0x00000006c8000000, 0x0000000800000000)
  region size 4096K, 54 young (221184K), 2 survivors (8192K)
 Metaspace       used 188903K, committed 190784K, reserved 1245184K
  class space    used 22586K, committed 23552K, reserved 1048576K
}
Event: 11910.638 GC heap after
{Heap after GC invocations=1098 (full 51):
 garbage-first heap   total 368640K, used 109734K [0x00000006c8000000, 0x0000000800000000)
  region size 4096K, 3 young (12288K), 3 survivors (12288K)
 Metaspace       used 188903K, committed 190784K, reserved 1245184K
  class space    used 22586K, committed 23552K, reserved 1048576K
}
Event: 12036.992 GC heap before
{Heap before GC invocations=1098 (full 51):
 garbage-first heap   total 368640K, used 314534K [0x00000006c8000000, 0x0000000800000000)
  region size 4096K, 54 young (221184K), 3 survivors (12288K)
 Metaspace       used 189880K, committed 191744K, reserved 1245184K
  class space    used 22720K, committed 23680K, reserved 1048576K
}
Event: 12037.006 GC heap after
{Heap after GC invocations=1099 (full 51):
 garbage-first heap   total 368640K, used 119084K [0x00000006c8000000, 0x0000000800000000)
  region size 4096K, 5 young (20480K), 5 survivors (20480K)
 Metaspace       used 189880K, committed 191744K, reserved 1245184K
  class space    used 22720K, committed 23680K, reserved 1048576K
}
Event: 12037.985 GC heap before
{Heap before GC invocations=1100 (full 51):
 garbage-first heap   total 368640K, used 319788K [0x00000006c8000000, 0x0000000800000000)
  region size 4096K, 54 young (221184K), 5 survivors (20480K)
 Metaspace       used 189844K, committed 191744K, reserved 1245184K
  class space    used 22714K, committed 23680K, reserved 1048576K
}
Event: 12037.993 GC heap after
{Heap after GC invocations=1101 (full 51):
 garbage-first heap   total 368640K, used 117139K [0x00000006c8000000, 0x0000000800000000)
  region size 4096K, 4 young (16384K), 4 survivors (16384K)
 Metaspace       used 189844K, committed 191744K, reserved 1245184K
  class space    used 22714K, committed 23680K, reserved 1048576K
}
Event: 12038.649 GC heap before
{Heap before GC invocations=1101 (full 51):
 garbage-first heap   total 368640K, used 321939K [0x00000006c8000000, 0x0000000800000000)
  region size 4096K, 54 young (221184K), 4 survivors (16384K)
 Metaspace       used 189844K, committed 191744K, reserved 1245184K
  class space    used 22714K, committed 23680K, reserved 1048576K
}
Event: 12038.660 GC heap after
{Heap after GC invocations=1102 (full 51):
 garbage-first heap   total 368640K, used 118487K [0x00000006c8000000, 0x0000000800000000)
  region size 4096K, 5 young (20480K), 5 survivors (20480K)
 Metaspace       used 189844K, committed 191744K, reserved 1245184K
  class space    used 22714K, committed 23680K, reserved 1048576K
}
Event: 12062.818 GC heap before
{Heap before GC invocations=1102 (full 51):
 garbage-first heap   total 368640K, used 319191K [0x00000006c8000000, 0x0000000800000000)
  region size 4096K, 54 young (221184K), 5 survivors (20480K)
 Metaspace       used 190122K, committed 191936K, reserved 1245184K
  class space    used 22734K, committed 23680K, reserved 1048576K
}
Event: 12062.826 GC heap after
{Heap after GC invocations=1103 (full 51):
 garbage-first heap   total 368640K, used 119006K [0x00000006c8000000, 0x0000000800000000)
  region size 4096K, 4 young (16384K), 4 survivors (16384K)
 Metaspace       used 190122K, committed 191936K, reserved 1245184K
  class space    used 22734K, committed 23680K, reserved 1048576K
}
Event: 12309.106 GC heap before
{Heap before GC invocations=1104 (full 51):
 garbage-first heap   total 368640K, used 323806K [0x00000006c8000000, 0x0000000800000000)
  region size 4096K, 54 young (221184K), 4 survivors (16384K)
 Metaspace       used 190131K, committed 191936K, reserved 1245184K
  class space    used 22735K, committed 23680K, reserved 1048576K
}

