# JRE version: OpenJDK Runtime Environment (21.0.6+7) (build 21.0.6+7-Ubuntu-124.04.1)
# Java VM: OpenJDK 64-Bit Server VM (21.0.6+7-Ubuntu-124.04.1, mixed mode, sharing, tiered, compressed oops, compressed class ptrs, g1 gc, linux-amd64)
GC Precious Log:
 CardTable entry size: 512
 Card Set container configuration: InlinePtr #cards 4 size 8 Array Of Cards #cards 32 size 80 Howl #buckets 8 coarsen threshold 7372 Howl Bitmap #cards 1024 size 144 coarsen threshold 921 Card regions per heap region 1 cards per card region 8192
 CPUs: 4 total, 4 available
 Memory: 19962M
 Large Page Support: Disabled
 NUMA Support: Disabled
 Compressed Oops: Enabled (Zero based)
 Heap Region Size: 4M
 Heap Min Capacity: 8M
 Heap Initial Capacity: 312M
 Heap Max Capacity: 4992M
 Pre-touch: Disabled
 Parallel Workers: 4
 Concurrent Workers: 1
 Concurrent Refinement Workers: 4
 Periodic GC: Disabled
Heap:
 garbage-first heap   total 344064K, used 300192K [0x00000006c8000000, 0x0000000800000000)
  region size 4096K, 50 young (204800K), 4 survivors (16384K)
 Metaspace       used 180429K, committed 182272K, reserved 1245184K
  class space    used 21539K, committed 22464K, reserved 1048576K
GC Heap History (20 events):
Event: 7248.140 GC heap after
{Heap after GC invocations=999 (full 45):
 garbage-first heap   total 368640K, used 122523K [0x00000006c8000000, 0x0000000800000000)
  region size 4096K, 2 young (8192K), 2 survivors (8192K)
 Metaspace       used 179142K, committed 180928K, reserved 1245184K
  class space    used 21390K, committed 22272K, reserved 1048576K
}
Event: 7248.594 GC heap before
{Heap before GC invocations=999 (full 45):
 garbage-first heap   total 368640K, used 331419K [0x00000006c8000000, 0x0000000800000000)
  region size 4096K, 53 young (217088K), 2 survivors (8192K)
 Metaspace       used 179142K, committed 180928K, reserved 1245184K
  class space    used 21390K, committed 22272K, reserved 1048576K
}
Event: 7248.600 GC heap after
{Heap after GC invocations=1000 (full 45):
 garbage-first heap   total 368640K, used 126445K [0x00000006c8000000, 0x0000000800000000)
  region size 4096K, 3 young (12288K), 3 survivors (12288K)
 Metaspace       used 179142K, committed 180928K, reserved 1245184K
  class space    used 21390K, committed 22272K, reserved 1048576K
}
Event: 7249.327 GC heap before
{Heap before GC invocations=1001 (full 45):
 garbage-first heap   total 503808K, used 495085K [0x00000006c8000000, 0x0000000800000000)
  region size 4096K, 26 young (106496K), 3 survivors (12288K)
 Metaspace       used 179136K, committed 180928K, reserved 1245184K
  class space    used 21389K, committed 22272K, reserved 1048576K
}
Event: 7249.335 GC heap after
{Heap after GC invocations=1002 (full 45):
 garbage-first heap   total 512000K, used 249450K [0x00000006c8000000, 0x0000000800000000)
  region size 4096K, 2 young (8192K), 2 survivors (8192K)
 Metaspace       used 179136K, committed 180928K, reserved 1245184K
  class space    used 21389K, committed 22272K, reserved 1048576K
}
Event: 7249.864 GC heap before
{Heap before GC invocations=1002 (full 45):
 garbage-first heap   total 512000K, used 466538K [0x00000006c8000000, 0x0000000800000000)
  region size 4096K, 55 young (225280K), 2 survivors (8192K)
 Metaspace       used 179136K, committed 180928K, reserved 1245184K
  class space    used 21389K, committed 22272K, reserved 1048576K
}
Event: 7249.874 GC heap after
{Heap after GC invocations=1003 (full 45):
 garbage-first heap   total 512000K, used 255736K [0x00000006c8000000, 0x0000000800000000)
  region size 4096K, 4 young (16384K), 4 survivors (16384K)
 Metaspace       used 179136K, committed 180928K, reserved 1245184K
  class space    used 21389K, committed 22272K, reserved 1048576K
}
Event: 7250.184 GC heap before
{Heap before GC invocations=1003 (full 45):
 garbage-first heap   total 512000K, used 460536K [0x00000006c8000000, 0x0000000800000000)
  region size 4096K, 54 young (221184K), 4 survivors (16384K)
 Metaspace       used 179136K, committed 180928K, reserved 1245184K
  class space    used 21389K, committed 22272K, reserved 1048576K
}
Event: 7250.196 GC heap after
{Heap after GC invocations=1004 (full 45):
 garbage-first heap   total 614400K, used 266064K [0x00000006c8000000, 0x0000000800000000)
  region size 4096K, 6 young (24576K), 6 survivors (24576K)
 Metaspace       used 179136K, committed 180928K, reserved 1245184K
  class space    used 21389K, committed 22272K, reserved 1048576K
}
Event: 7250.818 GC heap before
{Heap before GC invocations=1005 (full 45):
 garbage-first heap   total 614400K, used 552784K [0x00000006c8000000, 0x0000000800000000)
  region size 4096K, 76 young (311296K), 6 survivors (24576K)
 Metaspace       used 179129K, committed 180928K, reserved 1245184K
  class space    used 21387K, committed 22272K, reserved 1048576K
}
Event: 7250.824 GC heap after
{Heap after GC invocations=1006 (full 45):
 garbage-first heap   total 614400K, used 250592K [0x00000006c8000000, 0x0000000800000000)
  region size 4096K, 2 young (8192K), 2 survivors (8192K)
 Metaspace       used 179129K, committed 180928K, reserved 1245184K
  class space    used 21387K, committed 22272K, reserved 1048576K
}
Event: 7292.596 GC heap before
{Heap before GC invocations=1006 (full 45):
 garbage-first heap   total 614400K, used 549600K [0x00000006c8000000, 0x0000000800000000)
  region size 4096K, 76 young (311296K), 2 survivors (8192K)
 Metaspace       used 179182K, committed 180992K, reserved 1245184K
  class space    used 21393K, committed 22272K, reserved 1048576K
}
Event: 7292.862 GC heap after
{Heap after GC invocations=1007 (full 46):
 garbage-first heap   total 344064K, used 98794K [0x00000006c8000000, 0x0000000800000000)
  region size 4096K, 0 young (0K), 0 survivors (0K)
 Metaspace       used 179172K, committed 180992K, reserved 1245184K
  class space    used 21391K, committed 22272K, reserved 1048576K
}
Event: 7296.429 GC heap before
{Heap before GC invocations=1007 (full 46):
 garbage-first heap   total 344064K, used 299498K [0x00000006c8000000, 0x0000000800000000)
  region size 4096K, 50 young (204800K), 0 survivors (0K)
 Metaspace       used 180194K, committed 182016K, reserved 1245184K
  class space    used 21529K, committed 22464K, reserved 1048576K
}
Event: 7296.444 GC heap after
{Heap after GC invocations=1008 (full 46):
 garbage-first heap   total 344064K, used 110199K [0x00000006c8000000, 0x0000000800000000)
  region size 4096K, 3 young (12288K), 3 survivors (12288K)
 Metaspace       used 180194K, committed 182016K, reserved 1245184K
  class space    used 21529K, committed 22464K, reserved 1048576K
}
Event: 7297.729 GC heap before
{Heap before GC invocations=1009 (full 46):
 garbage-first heap   total 344064K, used 302711K [0x00000006c8000000, 0x0000000800000000)
  region size 4096K, 50 young (204800K), 3 survivors (12288K)
 Metaspace       used 180194K, committed 182016K, reserved 1245184K
  class space    used 21529K, committed 22464K, reserved 1048576K
}
Event: 7297.749 GC heap after
{Heap after GC invocations=1010 (full 46):
 garbage-first heap   total 344064K, used 112571K [0x00000006c8000000, 0x0000000800000000)
  region size 4096K, 4 young (16384K), 4 survivors (16384K)
 Metaspace       used 180194K, committed 182016K, reserved 1245184K
  class space    used 21529K, committed 22464K, reserved 1048576K
}
Event: 7298.901 GC heap before
{Heap before GC invocations=1010 (full 46):
 garbage-first heap   total 344064K, used 300987K [0x00000006c8000000, 0x0000000800000000)
  region size 4096K, 50 young (204800K), 4 survivors (16384K)
 Metaspace       used 180194K, committed 182016K, reserved 1245184K
  class space    used 21529K, committed 22464K, reserved 1048576K
}
Event: 7298.913 GC heap after
{Heap after GC invocations=1011 (full 46):
 garbage-first heap   total 344064K, used 111776K [0x00000006c8000000, 0x0000000800000000)
  region size 4096K, 4 young (16384K), 4 survivors (16384K)
 Metaspace       used 180194K, committed 182016K, reserved 1245184K
  class space    used 21529K, committed 22464K, reserved 1048576K
}
Event: 7334.850 GC heap before
{Heap before GC invocations=1011 (full 46):
 garbage-first heap   total 344064K, used 296096K [0x00000006c8000000, 0x0000000800000000)
  region size 4096K, 50 young (204800K), 4 survivors (16384K)
 Metaspace       used 180429K, committed 182272K, reserved 1245184K
  class space    used 21539K, committed 22464K, reserved 1048576K
}

